DEBUG 2025-08-08 11:07:45,453 functional 
def xstarmap(task, it):
    return 1

DEBUG 2025-08-08 11:07:45,467 functional 
def accumulate(self, *args, **kwargs):
    return 1

DEBUG 2025-08-08 11:07:45,468 functional 
def chord(self, header, body, partial_args=0, interval=1, countdown=2, max_retries=3, eager=4, **kwargs):
    return 1

DEBUG 2025-08-08 11:07:45,470 functional 
def chunks(task, it, n):
    return 1

DEBUG 2025-08-08 11:07:45,475 functional 
def unlock_chord(self, group_id, callback, interval=0, max_retries=1, result=2, Result=3, GroupResult=4, result_from_tuple=5, **kwargs):
    return 1

DEBUG 2025-08-08 11:07:45,477 functional 
def process_ingredient_upload(file_path):
    return 1

DEBUG 2025-08-08 11:07:45,477 functional 
def group(self, tasks, result, group_id, partial_args, add_to_parent=0):
    return 1

DEBUG 2025-08-08 11:07:45,478 functional 
def xmap(task, it):
    return 1

DEBUG 2025-08-08 11:07:45,479 functional 
def backend_cleanup():
    return 1

DEBUG 2025-08-08 11:07:45,480 functional 
def process_disease_upload(file_path):
    return 1

DEBUG 2025-08-08 11:07:45,481 functional 
def chain(*args, **kwargs):
    return 1

DEBUG 2025-08-08 11:08:54,008 functional 
def xstarmap(task, it):
    return 1

DEBUG 2025-08-08 11:08:54,011 functional 
def accumulate(self, *args, **kwargs):
    return 1

DEBUG 2025-08-08 11:08:54,013 functional 
def chord(self, header, body, partial_args=0, interval=1, countdown=2, max_retries=3, eager=4, **kwargs):
    return 1

DEBUG 2025-08-08 11:08:54,015 functional 
def chunks(task, it, n):
    return 1

DEBUG 2025-08-08 11:08:54,017 functional 
def unlock_chord(self, group_id, callback, interval=0, max_retries=1, result=2, Result=3, GroupResult=4, result_from_tuple=5, **kwargs):
    return 1

DEBUG 2025-08-08 11:08:54,020 functional 
def process_ingredient_upload(file_path):
    return 1

DEBUG 2025-08-08 11:08:54,021 functional 
def group(self, tasks, result, group_id, partial_args, add_to_parent=0):
    return 1

DEBUG 2025-08-08 11:08:54,022 functional 
def xmap(task, it):
    return 1

DEBUG 2025-08-08 11:08:54,024 functional 
def backend_cleanup():
    return 1

DEBUG 2025-08-08 11:08:54,025 functional 
def process_disease_upload(file_path):
    return 1

DEBUG 2025-08-08 11:08:54,027 functional 
def chain(*args, **kwargs):
    return 1

